Determining if the pthread_create exist failed with the following output:
Change Dir: /home/lejonmcgowan/Dropbox/School/Spring2016/CPE473/RayTracer473/build/CMakeFiles/CMakeTmp

Run Build Command:"/usr/bin/make" "cmTryCompileExec592365759/fast"
/usr/bin/make -f CMakeFiles/cmTryCompileExec592365759.dir/build.make CMakeFiles/cmTryCompileExec592365759.dir/build
make[1]: Entering directory `/home/lejonmcgowan/Dropbox/School/Spring2016/CPE473/RayTracer473/build/CMakeFiles/CMakeTmp'
/usr/local/bin/cmake -E cmake_progress_report /home/lejonmcgowan/Dropbox/School/Spring2016/CPE473/RayTracer473/build/CMakeFiles/CMakeTmp/CMakeFiles 1
Building C object CMakeFiles/cmTryCompileExec592365759.dir/CheckSymbolExists.c.o
/usr/bin/cc    -o CMakeFiles/cmTryCompileExec592365759.dir/CheckSymbolExists.c.o   -c /home/lejonmcgowan/Dropbox/School/Spring2016/CPE473/RayTracer473/build/CMakeFiles/CMakeTmp/CheckSymbolExists.c
Linking C executable cmTryCompileExec592365759
/usr/local/bin/cmake -E cmake_link_script CMakeFiles/cmTryCompileExec592365759.dir/link.txt --verbose=1
/usr/bin/cc       CMakeFiles/cmTryCompileExec592365759.dir/CheckSymbolExists.c.o  -o cmTryCompileExec592365759 -rdynamic 
CMakeFiles/cmTryCompileExec592365759.dir/CheckSymbolExists.c.o: In function `main':
CheckSymbolExists.c:(.text+0x16): undefined reference to `pthread_create'
collect2: error: ld returned 1 exit status
make[1]: Leaving directory `/home/lejonmcgowan/Dropbox/School/Spring2016/CPE473/RayTracer473/build/CMakeFiles/CMakeTmp'
make[1]: *** [cmTryCompileExec592365759] Error 1
make: *** [cmTryCompileExec592365759/fast] Error 2

File /home/lejonmcgowan/Dropbox/School/Spring2016/CPE473/RayTracer473/build/CMakeFiles/CMakeTmp/CheckSymbolExists.c:
/* */
#include <pthread.h>

int main(int argc, char** argv)
{
  (void)argv;
#ifndef pthread_create
  return ((int*)(&pthread_create))[argc];
#else
  (void)argc;
  return 0;
#endif
}

Determining if the function pthread_create exists in the pthreads failed with the following output:
Change Dir: /home/lejonmcgowan/Dropbox/School/Spring2016/CPE473/RayTracer473/build/CMakeFiles/CMakeTmp

Run Build Command:"/usr/bin/make" "cmTryCompileExec2581411600/fast"
/usr/bin/make -f CMakeFiles/cmTryCompileExec2581411600.dir/build.make CMakeFiles/cmTryCompileExec2581411600.dir/build
make[1]: Entering directory `/home/lejonmcgowan/Dropbox/School/Spring2016/CPE473/RayTracer473/build/CMakeFiles/CMakeTmp'
/usr/local/bin/cmake -E cmake_progress_report /home/lejonmcgowan/Dropbox/School/Spring2016/CPE473/RayTracer473/build/CMakeFiles/CMakeTmp/CMakeFiles 1
Building C object CMakeFiles/cmTryCompileExec2581411600.dir/CheckFunctionExists.c.o
/usr/bin/cc   -DCHECK_FUNCTION_EXISTS=pthread_create   -o CMakeFiles/cmTryCompileExec2581411600.dir/CheckFunctionExists.c.o   -c /usr/local/share/cmake-3.2/Modules/CheckFunctionExists.c
Linking C executable cmTryCompileExec2581411600
/usr/local/bin/cmake -E cmake_link_script CMakeFiles/cmTryCompileExec2581411600.dir/link.txt --verbose=1
/usr/bin/cc   -DCHECK_FUNCTION_EXISTS=pthread_create    CMakeFiles/cmTryCompileExec2581411600.dir/CheckFunctionExists.c.o  -o cmTryCompileExec2581411600 -rdynamic -lpthreads 
/usr/bin/ld: cannot find -lpthreads
collect2: error: ld returned 1 exit status
make[1]: *** [cmTryCompileExec2581411600] Error 1
make[1]: Leaving directory `/home/lejonmcgowan/Dropbox/School/Spring2016/CPE473/RayTracer473/build/CMakeFiles/CMakeTmp'
make: *** [cmTryCompileExec2581411600/fast] Error 2


